<?xml version="1.0" encoding="UTF-8"?>
<!-- Generated by org.testng.reporters.JUnitReportReporter -->
<testsuite hostname="DESKTOP-JBKRS0T" failures="1" tests="1" name="cucumberOptions.FailedScenarioTestRunner" time="25.780" errors="0" timestamp="2023-09-07T08:23:43 IST" skipped="0">
  <testcase classname="cucumberOptions.FailedScenarioTestRunner" name="runScenario" time="25.780">
    <failure message="expected [Beetroot] but found [No data]" type="java.lang.AssertionError">
      <![CDATA[java.lang.AssertionError: expected [Beetroot] but found [No data]
at org.testng.Assert.fail(Assert.java:110)
at org.testng.Assert.failNotEquals(Assert.java:1413)
at org.testng.Assert.assertEqualsImpl(Assert.java:149)
at org.testng.Assert.assertEquals(Assert.java:131)
at org.testng.Assert.assertEquals(Assert.java:655)
at org.testng.Assert.assertEquals(Assert.java:665)
at stepDefinations.OfferPageStepDefination.validate_product_name_in_offers_page_matches_with_Landing_page(OfferPageStepDefination.java:53)
at âœ½.validate product name in offers page matches with Landing page(file:///E:/eclipse-workspace/CucumberFrameworkUdemy2/src/test/java/features/searchProduct.feature:8)
]]>
    </failure>
  </testcase> <!-- runScenario -->
  <system-out/>
</testsuite> <!-- cucumberOptions.FailedScenarioTestRunner -->
