<?xml version="1.0" encoding="UTF-8"?>
<!-- Generated by org.testng.reporters.JUnitReportReporter -->
<testsuite hostname="DESKTOP-JBKRS0T" failures="0" tests="1" name="cucumberOptions.TestNGTestRunner" time="37.471" errors="0" timestamp="2023-09-13T12:19:56 IST" skipped="0">
  <testcase classname="cucumberOptions.TestNGTestRunner" name="runScenario" time="37.471"/>
  <system-out/>
</testsuite> <!-- cucumberOptions.TestNGTestRunner -->
